<?xml version="1.0" encoding="UTF-8"?>
<testng-results ignored="0" total="2" passed="2" failed="0" skipped="0">
  <reporter-output>
  </reporter-output>
  <suite started-at="2026-03-28T17:20:52 IST" name="Master Suite" finished-at="2026-03-28T17:21:03 IST" duration-ms="10901">
    <groups>
      <group name="Master">
        <method signature="TC001_AccountRegistrationTest.verify_Acc_Reg()[pri:0, instance:testCases.TC001_AccountRegistrationTest@6c372fe6]" name="verify_Acc_Reg" class="testCases.TC001_AccountRegistrationTest"/>
        <method signature="TC002_LoginTest.verify_login()[pri:0, instance:testCases.TC002_LoginTest@6e15fe2]" name="verify_login" class="testCases.TC002_LoginTest"/>
      </group> <!-- Master -->
      <group name="Sanity">
        <method signature="TC002_LoginTest.verify_login()[pri:0, instance:testCases.TC002_LoginTest@6e15fe2]" name="verify_login" class="testCases.TC002_LoginTest"/>
      </group> <!-- Sanity -->
      <group name="Regression">
        <method signature="TC001_AccountRegistrationTest.verify_Acc_Reg()[pri:0, instance:testCases.TC001_AccountRegistrationTest@6c372fe6]" name="verify_Acc_Reg" class="testCases.TC001_AccountRegistrationTest"/>
      </group> <!-- Regression -->
    </groups>
    <test started-at="2026-03-28T17:20:52 IST" name="Test" finished-at="2026-03-28T17:21:03 IST" duration-ms="10901">
      <class name="testCases.TC002_LoginTest">
        <test-method is-config="true" signature="setup(java.lang.String,java.lang.String)[pri:0, instance:testCases.TC002_LoginTest@6e15fe2]" started-at="2026-03-28T17:20:59 IST" name="setup" finished-at="2026-03-28T17:21:01 IST" duration-ms="1828" status="PASS">
          <params>
            <param index="0">
              <value>
                <![CDATA[Windows]]>
              </value>
            </param>
            <param index="1">
              <value>
                <![CDATA[chrome]]>
              </value>
            </param>
          </params>
          <reporter-output>
          </reporter-output>
        </test-method> <!-- setup -->
        <test-method signature="verify_login()[pri:0, instance:testCases.TC002_LoginTest@6e15fe2]" started-at="2026-03-28T17:21:01 IST" name="verify_login" finished-at="2026-03-28T17:21:03 IST" duration-ms="1932" status="PASS">
          <reporter-output>
          </reporter-output>
        </test-method> <!-- verify_login -->
        <test-method is-config="true" signature="tearDown()[pri:0, instance:testCases.TC002_LoginTest@6e15fe2]" started-at="2026-03-28T17:21:03 IST" name="tearDown" finished-at="2026-03-28T17:21:03 IST" duration-ms="149" status="PASS">
          <reporter-output>
          </reporter-output>
        </test-method> <!-- tearDown -->
      </class> <!-- testCases.TC002_LoginTest -->
      <class name="testCases.TC001_AccountRegistrationTest">
        <test-method is-config="true" signature="setup(java.lang.String,java.lang.String)[pri:0, instance:testCases.TC001_AccountRegistrationTest@6c372fe6]" started-at="2026-03-28T17:20:53 IST" name="setup" finished-at="2026-03-28T17:20:56 IST" duration-ms="3605" status="PASS">
          <params>
            <param index="0">
              <value>
                <![CDATA[Windows]]>
              </value>
            </param>
            <param index="1">
              <value>
                <![CDATA[chrome]]>
              </value>
            </param>
          </params>
          <reporter-output>
          </reporter-output>
        </test-method> <!-- setup -->
        <test-method signature="verify_Acc_Reg()[pri:0, instance:testCases.TC001_AccountRegistrationTest@6c372fe6]" started-at="2026-03-28T17:20:56 IST" name="verify_Acc_Reg" finished-at="2026-03-28T17:20:59 IST" duration-ms="2946" status="PASS">
          <reporter-output>
          </reporter-output>
        </test-method> <!-- verify_Acc_Reg -->
        <test-method is-config="true" signature="tearDown()[pri:0, instance:testCases.TC001_AccountRegistrationTest@6c372fe6]" started-at="2026-03-28T17:20:59 IST" name="tearDown" finished-at="2026-03-28T17:20:59 IST" duration-ms="204" status="PASS">
          <reporter-output>
          </reporter-output>
        </test-method> <!-- tearDown -->
      </class> <!-- testCases.TC001_AccountRegistrationTest -->
    </test> <!-- Test -->
  </suite> <!-- Master Suite -->
</testng-results>
